INFO:werkzeug:[31m[1mWARNING: This is a development server. Do not use it in a production deployment. Use a production WSGI server instead.[0m
 * Running on http://127.0.0.1:5000
INFO:werkzeug:[33mPress CTRL+C to quit[0m
INFO:one:–ó–∞–ø—Ä–æ—Å /api/posts/4
INFO:werkzeug:127.0.0.1 - - [10/Oct/2022 22:27:29] "GET /api/posts/4 HTTP/1.1" 200 -
INFO:one:–ó–∞–ø—Ä–æ—Å /api/posts/4
INFO:werkzeug:127.0.0.1 - - [10/Oct/2022 22:27:32] "GET /api/posts/4 HTTP/1.1" 200 -
INFO:one:–ó–∞–ø—Ä–æ—Å /api/posts/4
INFO:werkzeug:127.0.0.1 - - [10/Oct/2022 22:27:35] "GET /api/posts/4 HTTP/1.1" 200 -
INFO:werkzeug:[31m[1mWARNING: This is a development server. Do not use it in a production deployment. Use a production WSGI server instead.[0m
 * Running on http://127.0.0.1:5000
INFO:werkzeug:[33mPress CTRL+C to quit[0m
INFO:werkzeug:[31m[1mWARNING: This is a development server. Do not use it in a production deployment. Use a production WSGI server instead.[0m
 * Running on http://127.0.0.1:5000
INFO:werkzeug:[33mPress CTRL+C to quit[0m
INFO:one:–ó–∞–ø—Ä–æ—Å /api/posts/4

INFO:werkzeug:[31m[1mWARNING: This is a development server. Do not use it in a production deployment. Use a production WSGI server instead.[0m
 * Running on http://127.0.0.1:5000
INFO:werkzeug:[33mPress CTRL+C to quit[0m
INFO:one:–ó–∞–ø—Ä–æ—Å /api/posts/4
INFO:werkzeug:127.0.0.1 - - [10/Oct/2022 22:52:28] "GET /api/posts/4 HTTP/1.1" 200 -
INFO:werkzeug:127.0.0.1 - - [10/Oct/2022 22:52:33] "GET / HTTP/1.1" 200 -
INFO:werkzeug:127.0.0.1 - - [10/Oct/2022 22:52:33] "[36mGET /static/css/styles.min.css HTTP/1.1[0m" 304 -
INFO:werkzeug:127.0.0.1 - - [10/Oct/2022 22:52:33] "[36mGET /static/img/bookmark.png HTTP/1.1[0m" 304 -
INFO:werkzeug:127.0.0.1 - - [10/Oct/2022 22:52:33] "[36mGET /static/img/eye.png HTTP/1.1[0m" 304 -
ERROR:app:Exception on /gfh [GET]
Traceback (most recent call last):
  File "/home/ilya/Dropbox/Dev/SkyPro/Course_3/coursework_3/venv/lib/python3.10/site-packages/flask/app.py", line 1820, in full_dispatch_request
    rv = self.dispatch_request()
  File "/home/ilya/Dropbox/Dev/SkyPro/Course_3/coursework_3/venv/lib/python3.10/site-packages/flask/app.py", line 1785, in dispatch_request
    self.raise_routing_exception(req)
  File "/home/ilya/Dropbox/Dev/SkyPro/Course_3/coursework_3/venv/lib/python3.10/site-packages/flask/app.py", line 1767, in raise_routing_exception
    raise request.routing_exception  # type: ignore
  File "/home/ilya/Dropbox/Dev/SkyPro/Course_3/coursework_3/venv/lib/python3.10/site-packages/flask/ctx.py", line 351, in match_request
    result = self.url_adapter.match(return_rule=True)  # type: ignore
  File "/home/ilya/Dropbox/Dev/SkyPro/Course_3/coursework_3/venv/lib/python3.10/site-packages/werkzeug/routing/map.py", line 624, in match
    raise NotFound() from None
werkzeug.exceptions.NotFound: 404 Not Found: The requested URL was not found on the server. If you entered the URL manually please check your spelling and try again.

During handling of the above exception, another exception occurred:

Traceback (most recent call last):
  File "/home/ilya/Dropbox/Dev/SkyPro/Course_3/coursework_3/venv/lib/python3.10/site-packages/flask/app.py", line 2525, in wsgi_app
    response = self.full_dispatch_request()
  File "/home/ilya/Dropbox/Dev/SkyPro/Course_3/coursework_3/venv/lib/python3.10/site-packages/flask/app.py", line 1822, in full_dispatch_request
    rv = self.handle_user_exception(e)
  File "/home/ilya/Dropbox/Dev/SkyPro/Course_3/coursework_3/venv/lib/python3.10/site-packages/flask/app.py", line 1666, in handle_user_exception
    return self.handle_http_exception(e)
  File "/home/ilya/Dropbox/Dev/SkyPro/Course_3/coursework_3/venv/lib/python3.10/site-packages/flask/app.py", line 1606, in handle_http_exception
    return self.ensure_sync(handler)(e)
TypeError: page_not_found() takes 0 positional arguments but 1 was given
INFO:werkzeug:127.0.0.1 - - [10/Oct/2022 22:52:37] "[35m[1mGET /gfh HTTP/1.1[0m" 500 -
INFO:werkzeug:127.0.0.1 - - [10/Oct/2022 22:52:37] "[36mGET /static/css/styles.min.css HTTP/1.1[0m" 304 -
ERROR:app:Exception on /g [GET]
Traceback (most recent call last):
  File "/home/ilya/Dropbox/Dev/SkyPro/Course_3/coursework_3/venv/lib/python3.10/site-packages/flask/app.py", line 1820, in full_dispatch_request
    rv = self.dispatch_request()
  File "/home/ilya/Dropbox/Dev/SkyPro/Course_3/coursework_3/venv/lib/python3.10/site-packages/flask/app.py", line 1785, in dispatch_request
    self.raise_routing_exception(req)
  File "/home/ilya/Dropbox/Dev/SkyPro/Course_3/coursework_3/venv/lib/python3.10/site-packages/flask/app.py", line 1767, in raise_routing_exception
    raise request.routing_exception  # type: ignore
  File "/home/ilya/Dropbox/Dev/SkyPro/Course_3/coursework_3/venv/lib/python3.10/site-packages/flask/ctx.py", line 351, in match_request
    result = self.url_adapter.match(return_rule=True)  # type: ignore
  File "/home/ilya/Dropbox/Dev/SkyPro/Course_3/coursework_3/venv/lib/python3.10/site-packages/werkzeug/routing/map.py", line 624, in match
    raise NotFound() from None
werkzeug.exceptions.NotFound: 404 Not Found: The requested URL was not found on the server. If you entered the URL manually please check your spelling and try again.

During handling of the above exception, another exception occurred:

Traceback (most recent call last):
  File "/home/ilya/Dropbox/Dev/SkyPro/Course_3/coursework_3/venv/lib/python3.10/site-packages/flask/app.py", line 2525, in wsgi_app
    response = self.full_dispatch_request()
  File "/home/ilya/Dropbox/Dev/SkyPro/Course_3/coursework_3/venv/lib/python3.10/site-packages/flask/app.py", line 1822, in full_dispatch_request
    rv = self.handle_user_exception(e)
  File "/home/ilya/Dropbox/Dev/SkyPro/Course_3/coursework_3/venv/lib/python3.10/site-packages/flask/app.py", line 1666, in handle_user_exception
    return self.handle_http_exception(e)
  File "/home/ilya/Dropbox/Dev/SkyPro/Course_3/coursework_3/venv/lib/python3.10/site-packages/flask/app.py", line 1606, in handle_http_exception
    return self.ensure_sync(handler)(e)
TypeError: page_not_found() takes 0 positional arguments but 1 was given
INFO:werkzeug:127.0.0.1 - - [10/Oct/2022 22:52:48] "[35m[1mGET /g HTTP/1.1[0m" 500 -
INFO:werkzeug:127.0.0.1 - - [10/Oct/2022 22:52:48] "[36mGET /static/css/styles.min.css HTTP/1.1[0m" 304 -
INFO:werkzeug:[31m[1mWARNING: This is a development server. Do not use it in a production deployment. Use a production WSGI server instead.[0m
 * Running on http://127.0.0.1:5000
INFO:werkzeug:[33mPress CTRL+C to quit[0m
INFO:werkzeug:127.0.0.1 - - [10/Oct/2022 22:52:59] "[33mGET /gfh HTTP/1.1[0m" 404 -
INFO:werkzeug:127.0.0.1 - - [10/Oct/2022 22:52:59] "[36mGET /static/css/styles.min.css HTTP/1.1[0m" 304 -
INFO:werkzeug:[31m[1mWARNING: This is a development server. Do not use it in a production deployment. Use a production WSGI server instead.[0m
 * Running on http://127.0.0.1:5000
INFO:werkzeug:[33mPress CTRL+C to quit[0m
INFO:werkzeug:127.0.0.1 - - [10/Oct/2022 22:56:58] "[33mGET /gfh HTTP/1.1[0m" 404 -
INFO:werkzeug:127.0.0.1 - - [10/Oct/2022 22:56:58] "[36mGET /static/css/styles.min.css HTTP/1.1[0m" 304 -
INFO:werkzeug:127.0.0.1 - - [10/Oct/2022 22:57:00] "GET / HTTP/1.1" 200 -
INFO:werkzeug:127.0.0.1 - - [10/Oct/2022 22:57:00] "[36mGET /static/css/styles.min.css HTTP/1.1[0m" 304 -
INFO:werkzeug:127.0.0.1 - - [10/Oct/2022 22:57:00] "[36mGET /static/img/bookmark.png HTTP/1.1[0m" 304 -
INFO:werkzeug:127.0.0.1 - - [10/Oct/2022 22:57:00] "[36mGET /static/img/eye.png HTTP/1.1[0m" 304 -
INFO:werkzeug:127.0.0.1 - - [10/Oct/2022 22:57:01] "GET /posts/1 HTTP/1.1" 200 -
INFO:werkzeug:127.0.0.1 - - [10/Oct/2022 22:57:01] "[36mGET /static/css/styles.min.css HTTP/1.1[0m" 304 -
INFO:werkzeug:127.0.0.1 - - [10/Oct/2022 22:57:01] "[36mGET /static/img/bookmark.png HTTP/1.1[0m" 304 -
INFO:werkzeug:127.0.0.1 - - [10/Oct/2022 22:57:01] "[36mGET /static/img/eye.png HTTP/1.1[0m" 304 -
INFO:werkzeug:127.0.0.1 - - [10/Oct/2022 22:57:02] "GET /user/leo HTTP/1.1" 200 -
INFO:werkzeug:127.0.0.1 - - [10/Oct/2022 22:57:02] "[36mGET /static/css/styles.min.css HTTP/1.1[0m" 304 -
INFO:werkzeug:127.0.0.1 - - [10/Oct/2022 22:57:02] "[36mGET /static/img/eye.png HTTP/1.1[0m" 304 -
INFO:werkzeug:127.0.0.1 - - [10/Oct/2022 22:57:02] "[36mGET /static/img/bookmark.png HTTP/1.1[0m" 304 -
INFO:werkzeug:127.0.0.1 - - [10/Oct/2022 22:57:04] "GET /user/leo HTTP/1.1" 200 -
INFO:werkzeug:127.0.0.1 - - [10/Oct/2022 22:57:04] "[36mGET /static/css/styles.min.css HTTP/1.1[0m" 304 -
INFO:werkzeug:127.0.0.1 - - [10/Oct/2022 22:57:04] "[36mGET /static/img/eye.png HTTP/1.1[0m" 304 -
INFO:werkzeug:127.0.0.1 - - [10/Oct/2022 22:57:04] "[36mGET /static/img/bookmark.png HTTP/1.1[0m" 304 -
INFO:werkzeug:127.0.0.1 - - [10/Oct/2022 22:57:04] "GET /posts/1 HTTP/1.1" 200 -
INFO:werkzeug:127.0.0.1 - - [10/Oct/2022 22:57:05] "[36mGET /static/css/styles.min.css HTTP/1.1[0m" 304 -
INFO:werkzeug:127.0.0.1 - - [10/Oct/2022 22:57:05] "[36mGET /static/img/bookmark.png HTTP/1.1[0m" 304 -
INFO:werkzeug:127.0.0.1 - - [10/Oct/2022 22:57:05] "[36mGET /static/img/eye.png HTTP/1.1[0m" 304 -
INFO:werkzeug:127.0.0.1 - - [10/Oct/2022 22:57:05] "GET / HTTP/1.1" 200 -
INFO:werkzeug:127.0.0.1 - - [10/Oct/2022 22:57:05] "[36mGET /static/css/styles.min.css HTTP/1.1[0m" 304 -
INFO:werkzeug:127.0.0.1 - - [10/Oct/2022 22:57:05] "[36mGET /static/img/bookmark.png HTTP/1.1[0m" 304 -
INFO:werkzeug:127.0.0.1 - - [10/Oct/2022 22:57:05] "[36mGET /static/img/eye.png HTTP/1.1[0m" 304 -
INFO:werkzeug:127.0.0.1 - - [10/Oct/2022 22:57:07] "[32mGET /search?s=l., HTTP/1.1[0m" 308 -
INFO:werkzeug:127.0.0.1 - - [10/Oct/2022 22:57:07] "GET /search/?s=l., HTTP/1.1" 200 -
INFO:werkzeug:127.0.0.1 - - [10/Oct/2022 22:57:07] "[36mGET /static/css/styles.min.css HTTP/1.1[0m" 304 -
INFO:werkzeug:127.0.0.1 - - [10/Oct/2022 22:57:09] "GET / HTTP/1.1" 200 -
INFO:werkzeug:127.0.0.1 - - [10/Oct/2022 22:57:09] "[36mGET /static/css/styles.min.css HTTP/1.1[0m" 304 -
INFO:werkzeug:127.0.0.1 - - [10/Oct/2022 22:57:09] "[36mGET /static/img/bookmark.png HTTP/1.1[0m" 304 -
INFO:werkzeug:127.0.0.1 - - [10/Oct/2022 22:57:09] "[36mGET /static/img/eye.png HTTP/1.1[0m" 304 -
INFO:werkzeug:127.0.0.1 - - [10/Oct/2022 22:57:13] "[32mGET /search?s=. HTTP/1.1[0m" 308 -
INFO:werkzeug:127.0.0.1 - - [10/Oct/2022 22:57:13] "GET /search/?s=. HTTP/1.1" 200 -
INFO:werkzeug:127.0.0.1 - - [10/Oct/2022 22:57:13] "[36mGET /static/css/styles.min.css HTTP/1.1[0m" 304 -
INFO:werkzeug:127.0.0.1 - - [10/Oct/2022 22:57:13] "[36mGET /static/img/eye.png HTTP/1.1[0m" 304 -
INFO:werkzeug:127.0.0.1 - - [10/Oct/2022 22:57:13] "[36mGET /static/img/bookmark.png HTTP/1.1[0m" 304 -
INFO:werkzeug:127.0.0.1 - - [10/Oct/2022 22:57:15] "GET / HTTP/1.1" 200 -
INFO:werkzeug:127.0.0.1 - - [10/Oct/2022 22:57:15] "[36mGET /static/css/styles.min.css HTTP/1.1[0m" 304 -
INFO:werkzeug:127.0.0.1 - - [10/Oct/2022 22:57:15] "[36mGET /static/img/eye.png HTTP/1.1[0m" 304 -
INFO:werkzeug:127.0.0.1 - - [10/Oct/2022 22:57:15] "[36mGET /static/img/bookmark.png HTTP/1.1[0m" 304 -
